C51 COMPILER V9.59.0.0   USART                                                             10/15/2018 23:19:31 PAGE 1   


C51 COMPILER V9.59.0.0, COMPILATION OF MODULE USART
OBJECT MODULE PLACED IN .\Objects\usart.obj
COMPILER INVOKED BY: D:\Software\Keil\C51\BIN\C51.EXE usart.c LARGE OPTIMIZE(8,SPEED) BROWSE DEBUG OBJECTEXTEND PRINT(.\
                    -Listings\usart.lst) TABS(2) OBJECT(.\Objects\usart.obj)

line level    source

   1          #include <reg52.h>
   2          #include "ucharuint.h"
   3            
   4          
   5          /******************************************************************
   6          函 数: void Uart_Init(void)
   7          功 能: 串口初始化，波特率为9600(这个不会，上网百度)
   8          参 数: 无
   9          返回值: 无
  10          *******************************************************************/
  11          void Uart_Init(void)
  12          {  
  13   1      
  14   1      
  15   1      TMOD=0x20;
  16   1      TH1=0xfD;
  17   1      TL1=0xfD;
  18   1      TR1=1;
  19   1      //相当于SCON=0x50
  20   1      REN=1;
  21   1      SM0=0;
  22   1      SM1=1;
  23   1        
  24   1      EA=1;
  25   1      ES=1;
  26   1      
  27   1      
  28   1      }


MODULE INFORMATION:   STATIC OVERLAYABLE
   CODE SIZE        =     22    ----
   CONSTANT SIZE    =   ----    ----
   XDATA SIZE       =   ----    ----
   PDATA SIZE       =   ----    ----
   DATA SIZE        =   ----    ----
   IDATA SIZE       =   ----    ----
   BIT SIZE         =   ----    ----
END OF MODULE INFORMATION.


C51 COMPILATION COMPLETE.  0 WARNING(S),  0 ERROR(S)
